GAS LISTING /tmp/ccoNPzC8.s 			page 1


   1              		.file	"scheduler.cpp"
   2              		.option pic
   3              		.option norelax
   4              		.text
   5              	.Ltext0:
   6              		.align	2
   8              	_Z41__static_initialization_and_destruction_0ii:
   9              	.LFB47:
  10              		.file 1 "src/scheduler.cpp"
   1:src/scheduler.cpp **** //
   2:src/scheduler.cpp **** // Created by os on 8/22/24.
   3:src/scheduler.cpp **** //
   4:src/scheduler.cpp **** 
   5:src/scheduler.cpp **** #include "../h/scheduler.hpp"
   6:src/scheduler.cpp **** #include "../h/list.hpp"
   7:src/scheduler.cpp **** #include "../h/tcb.hpp"
   8:src/scheduler.cpp **** 
   9:src/scheduler.cpp **** namespace Kernel {
  10:src/scheduler.cpp ****     List<TCB> Scheduler::readyQ;
  11:src/scheduler.cpp **** 
  12:src/scheduler.cpp ****     TCB *Scheduler::get() {
  13:src/scheduler.cpp ****         return readyQ.removeFirst();
  14:src/scheduler.cpp **** 
  15:src/scheduler.cpp ****     }
  16:src/scheduler.cpp ****     void Scheduler::put(TCB *t) {
  17:src/scheduler.cpp ****         readyQ.addLast(t);
  18:src/scheduler.cpp **** 
  19:src/scheduler.cpp ****     }
  20:src/scheduler.cpp **** 
  21:src/scheduler.cpp **** 
  22:src/scheduler.cpp **** 
  23:src/scheduler.cpp **** } // Kernel...
  11              		.loc 1 23 1
  12              		.cfi_startproc
  13              	.LVL0:
  14 0000 130101FF 		addi	sp,sp,-16
  15              		.cfi_def_cfa_offset 16
  16 0004 23348100 		sd	s0,8(sp)
  17              		.cfi_offset 8, -8
  18 0008 13040101 		addi	s0,sp,16
  19              		.cfi_def_cfa 8, 0
  20              		.loc 1 23 1 is_stmt 0
  21 000c 93071000 		li	a5,1
  22 0010 6308F500 		beq	a0,a5,.L4
  23              	.L1:
  24 0014 03348100 		ld	s0,8(sp)
  25              		.cfi_remember_state
  26              		.cfi_restore 8
  27              		.cfi_def_cfa 2, 16
  28 0018 13010101 		addi	sp,sp,16
  29              		.cfi_def_cfa_offset 0
  30 001c 67800000 		jr	ra
  31              	.L4:
  32              		.cfi_restore_state
  33              		.loc 1 23 1 discriminator 1
  34 0020 B7070100 		li	a5,65536
  35 0024 9387F7FF 		addi	a5,a5,-1
GAS LISTING /tmp/ccoNPzC8.s 			page 2


  36 0028 E396F5FE 		bne	a1,a5,.L1
  37              	.LVL1:
  38              	.LBB27:
  39              	.LBB28:
  40              	.LBB29:
  41              		.file 2 "src/../h/list.hpp"
   1:src/../h/list.hpp **** //
   2:src/../h/list.hpp **** // Created by os on 8/14/24.
   3:src/../h/list.hpp **** //
   4:src/../h/list.hpp **** 
   5:src/../h/list.hpp **** #ifndef LIST_HPP
   6:src/../h/list.hpp **** #define LIST_HPP
   7:src/../h/list.hpp **** 
   8:src/../h/list.hpp **** #include "../lib/hw.h"
   9:src/../h/list.hpp **** #include "memoryallocator.hpp"
  10:src/../h/list.hpp **** #include "riscv.hpp"
  11:src/../h/list.hpp **** 
  12:src/../h/list.hpp **** namespace Kernel {
  13:src/../h/list.hpp **** 
  14:src/../h/list.hpp ****     template<typename T>
  15:src/../h/list.hpp ****     class List {
  16:src/../h/list.hpp ****     private:
  17:src/../h/list.hpp ****         struct Elem {
  18:src/../h/list.hpp ****             T *data;
  19:src/../h/list.hpp ****             Elem *next;
  20:src/../h/list.hpp **** 
  21:src/../h/list.hpp ****             Elem(T *data, Elem *next) : data(data), next(next) {}
  22:src/../h/list.hpp **** 
  23:src/../h/list.hpp ****             static void *operator new(uint64 n) {
  24:src/../h/list.hpp ****                 return MemoryAllocator::__mem__alloc(Riscv::roundToBlks(n));
  25:src/../h/list.hpp ****             }
  26:src/../h/list.hpp **** 
  27:src/../h/list.hpp ****             static void operator delete(void *p) noexcept {
  28:src/../h/list.hpp ****                 MemoryAllocator::__mem__free(p);
  29:src/../h/list.hpp ****             }
  30:src/../h/list.hpp **** 
  31:src/../h/list.hpp ****             static void *operator new[](uint64 n) {
  32:src/../h/list.hpp ****                 return MemoryAllocator::__mem__alloc(Riscv::roundToBlks(n));
  33:src/../h/list.hpp ****             }
  34:src/../h/list.hpp **** 
  35:src/../h/list.hpp ****             static void operator delete[](void *p) noexcept {
  36:src/../h/list.hpp ****                 MemoryAllocator::__mem__free(p);
  37:src/../h/list.hpp ****             }
  38:src/../h/list.hpp ****         };
  39:src/../h/list.hpp **** 
  40:src/../h/list.hpp ****         Elem *head, *tail;
  41:src/../h/list.hpp **** 
  42:src/../h/list.hpp ****     public:
  43:src/../h/list.hpp ****         List() : head(0), tail(0) {}
  42              		.loc 2 43 33
  43 002c 97070000 		lla	a5,.LANCHOR0
  43      93870700 
  44 0034 23B00700 		sd	zero,0(a5)
  45 0038 23B40700 		sd	zero,8(a5)
  46              	.LVL2:
  47              	.LBE29:
  48              	.LBE28:
GAS LISTING /tmp/ccoNPzC8.s 			page 3


  49              	.LBE27:
  50              		.loc 1 23 1
  51 003c 6FF09FFD 		j	.L1
  52              		.cfi_endproc
  53              	.LFE47:
  55              		.align	2
  56              		.globl	_ZN6Kernel9Scheduler3getEv
  58              	_ZN6Kernel9Scheduler3getEv:
  59              	.LFB35:
  12:src/scheduler.cpp ****     TCB *Scheduler::get() {
  60              		.loc 1 12 27 is_stmt 1
  61              		.cfi_startproc
  62              		.cfi_personality 0x9b,DW.ref.__gxx_personality_v0
  63              		.cfi_lsda 0x1b,.LLSDA35
  64 0040 130101FE 		addi	sp,sp,-32
  65              		.cfi_def_cfa_offset 32
  66 0044 233C1100 		sd	ra,24(sp)
  67 0048 23388100 		sd	s0,16(sp)
  68 004c 23349100 		sd	s1,8(sp)
  69              		.cfi_offset 1, -8
  70              		.cfi_offset 8, -16
  71              		.cfi_offset 9, -24
  72 0050 13040102 		addi	s0,sp,32
  73              		.cfi_def_cfa 8, 0
  13:src/scheduler.cpp ****         return readyQ.removeFirst();
  74              		.loc 1 13 9
  75              	.LVL3:
  76              	.LBB30:
  77              	.LBB31:
  44:src/../h/list.hpp **** 
  45:src/../h/list.hpp ****         List(const List<T> &) = delete;
  46:src/../h/list.hpp **** 
  47:src/../h/list.hpp ****         List<T> &operator=(const List<T> &) = delete;
  48:src/../h/list.hpp **** 
  49:src/../h/list.hpp ****         bool isEmpty() const {
  50:src/../h/list.hpp ****             return (head == nullptr);
  51:src/../h/list.hpp ****         }
  52:src/../h/list.hpp **** 
  53:src/../h/list.hpp ****         void addFirst(T *data) {
  54:src/../h/list.hpp ****             Elem *elem = new Elem(data, head);
  55:src/../h/list.hpp ****             head = elem;
  56:src/../h/list.hpp ****             if (!tail) { tail = head; }
  57:src/../h/list.hpp ****         }
  58:src/../h/list.hpp **** 
  59:src/../h/list.hpp ****         void addLast(T *data) {
  60:src/../h/list.hpp ****             Elem *elem = new Elem(data, 0);
  61:src/../h/list.hpp ****             if (tail) {
  62:src/../h/list.hpp ****                 tail->next = elem;
  63:src/../h/list.hpp ****                 tail = elem;
  64:src/../h/list.hpp ****             } else {
  65:src/../h/list.hpp ****                 head = tail = elem;
  66:src/../h/list.hpp ****             }
  67:src/../h/list.hpp ****         }
  68:src/../h/list.hpp **** 
  69:src/../h/list.hpp ****         T *removeFirst() {
  70:src/../h/list.hpp ****             if (!head) { return 0; }
  78              		.loc 2 70 18 is_stmt 0
GAS LISTING /tmp/ccoNPzC8.s 			page 4


  79 0054 17050000 		ld	a0,.LANCHOR0
  79      03350500 
  80              		.loc 2 70 13
  81 005c 63020504 		beqz	a0,.L8
  82              	.LVL4:
  71:src/../h/list.hpp **** 
  72:src/../h/list.hpp ****             Elem *elem = head;
  73:src/../h/list.hpp ****             head = head->next;
  83              		.loc 2 73 26
  84 0060 83378500 		ld	a5,8(a0)
  85              		.loc 2 73 13
  86 0064 17070000 		sd	a5,.LANCHOR0,a4
  86      2330F700 
  74:src/../h/list.hpp ****             if (!head) { tail = 0; }
  87              		.loc 2 74 13
  88 006c 63840702 		beqz	a5,.L10
  89              	.L7:
  75:src/../h/list.hpp **** 
  76:src/../h/list.hpp ****             T *ret = elem->data;
  90              		.loc 2 76 16
  91 0070 83340500 		ld	s1,0(a0)
  92              	.LVL5:
  93              	.LBB32:
  94              	.LBB33:
  28:src/../h/list.hpp ****             }
  95              		.loc 2 28 45
  96 0074 97000000 		call	_ZN6Kernel15MemoryAllocator11__mem__freeEPv@plt
  96      E7800000 
  97              	.LVL6:
  98              	.L5:
  99              	.LBE33:
 100              	.LBE32:
 101              	.LBE31:
 102              	.LBE30:
  15:src/scheduler.cpp ****     }
 103              		.loc 1 15 5
 104 007c 13850400 		mv	a0,s1
 105 0080 83308101 		ld	ra,24(sp)
 106              		.cfi_remember_state
 107              		.cfi_restore 1
 108 0084 03340101 		ld	s0,16(sp)
 109              		.cfi_restore 8
 110              		.cfi_def_cfa 2, 32
 111 0088 83348100 		ld	s1,8(sp)
 112              		.cfi_restore 9
 113 008c 13010102 		addi	sp,sp,32
 114              		.cfi_def_cfa_offset 0
 115 0090 67800000 		jr	ra
 116              	.LVL7:
 117              	.L10:
 118              		.cfi_restore_state
 119              	.LBB35:
 120              	.LBB34:
  74:src/../h/list.hpp **** 
 121              		.loc 2 74 26
 122 0094 97070000 		sd	zero,.LANCHOR0+8,a5
 122      23B00700 
GAS LISTING /tmp/ccoNPzC8.s 			page 5


 123 009c 6FF05FFD 		j	.L7
 124              	.LVL8:
 125              	.L8:
  70:src/../h/list.hpp **** 
 126              		.loc 2 70 33
 127 00a0 93040500 		mv	s1,a0
 128              	.LVL9:
 129              	.LBE34:
 130              	.LBE35:
  13:src/scheduler.cpp ****         return readyQ.removeFirst();
 131              		.loc 1 13 35
 132 00a4 6FF09FFD 		j	.L5
 133              		.cfi_endproc
 134              	.LFE35:
 135              		.globl	__gxx_personality_v0
 136              		.section	.gcc_except_table,"a",@progbits
 137              	.LLSDA35:
 138 0000 FF       		.byte	0xff
 139 0001 FF       		.byte	0xff
 140 0002 03       		.byte	0x3
 141 0003 00       		.byte	0
 142              		.text
 144              		.align	2
 145              		.globl	_ZN6Kernel9Scheduler3putEPNS_3TCBE
 147              	_ZN6Kernel9Scheduler3putEPNS_3TCBE:
 148              	.LFB36:
  16:src/scheduler.cpp ****     void Scheduler::put(TCB *t) {
 149              		.loc 1 16 33 is_stmt 1
 150              		.cfi_startproc
 151              	.LVL10:
 152 00a8 130101FE 		addi	sp,sp,-32
 153              		.cfi_def_cfa_offset 32
 154 00ac 233C1100 		sd	ra,24(sp)
 155 00b0 23388100 		sd	s0,16(sp)
 156 00b4 23349100 		sd	s1,8(sp)
 157              		.cfi_offset 1, -8
 158              		.cfi_offset 8, -16
 159              		.cfi_offset 9, -24
 160 00b8 13040102 		addi	s0,sp,32
 161              		.cfi_def_cfa 8, 0
 162 00bc 93040500 		mv	s1,a0
  17:src/scheduler.cpp ****         readyQ.addLast(t);
 163              		.loc 1 17 9
 164              	.LVL11:
 165              		.file 3 "src/../h/riscv.hpp"
   1:src/../h/riscv.hpp **** //
   2:src/../h/riscv.hpp **** // Created by os on 8/19/24.
   3:src/../h/riscv.hpp **** //
   4:src/../h/riscv.hpp **** 
   5:src/../h/riscv.hpp **** #ifndef RISCV_HPP
   6:src/../h/riscv.hpp **** #define RISCV_HPP
   7:src/../h/riscv.hpp **** 
   8:src/../h/riscv.hpp **** #include "../lib/hw.h"
   9:src/../h/riscv.hpp **** #include "../h/memoryallocator.hpp"
  10:src/../h/riscv.hpp **** 
  11:src/../h/riscv.hpp **** class Riscv {
  12:src/../h/riscv.hpp **** public:
GAS LISTING /tmp/ccoNPzC8.s 			page 6


  13:src/../h/riscv.hpp **** 	// read register scause
  14:src/../h/riscv.hpp ****     static uint64 r_scause();
  15:src/../h/riscv.hpp **** 
  16:src/../h/riscv.hpp ****     // write register scause
  17:src/../h/riscv.hpp ****     static void w_scause(uint64 scause);
  18:src/../h/riscv.hpp **** 
  19:src/../h/riscv.hpp ****     // read register sepc
  20:src/../h/riscv.hpp ****     static uint64 r_sepc();
  21:src/../h/riscv.hpp **** 
  22:src/../h/riscv.hpp ****     // write register sepc
  23:src/../h/riscv.hpp ****     static void w_sepc(uint64 sepc);
  24:src/../h/riscv.hpp **** 
  25:src/../h/riscv.hpp ****     // read register stvec
  26:src/../h/riscv.hpp ****     static uint64 r_stvec();
  27:src/../h/riscv.hpp **** 
  28:src/../h/riscv.hpp ****     // write register stvec
  29:src/../h/riscv.hpp ****     static void w_stvec(uint64 stvec);
  30:src/../h/riscv.hpp **** 
  31:src/../h/riscv.hpp ****     // read register stval
  32:src/../h/riscv.hpp ****     static uint64 r_stval();
  33:src/../h/riscv.hpp **** 
  34:src/../h/riscv.hpp ****     // write register stval
  35:src/../h/riscv.hpp ****     static void w_stval(uint64 stval);
  36:src/../h/riscv.hpp **** 
  37:src/../h/riscv.hpp ****     enum BitMaskSip //koji zahtevi za prekid su trenutno aktivni
  38:src/../h/riscv.hpp ****     { //1-postoji zahtev za prekid; 0-prekid je obradjen
  39:src/../h/riscv.hpp ****         SIP_SSIP = (1 << 1), //SOFTWARE INTP PENDING;
  40:src/../h/riscv.hpp ****         SIP_STIP = (1 << 5), //TIMER IP
  41:src/../h/riscv.hpp ****         SIP_SEIP = (1 << 9), //EXTERNAL IP
  42:src/../h/riscv.hpp ****     };
  43:src/../h/riscv.hpp ****     //AKO SE IZVR SUPERVISOR REZIM I bit SIE U sstatus IMA VR 0, VR REGS SIE SE IGNORISE
  44:src/../h/riscv.hpp ****     // mask set register sip
  45:src/../h/riscv.hpp ****     static void ms_sip(uint64 mask);
  46:src/../h/riscv.hpp **** 
  47:src/../h/riscv.hpp ****     // mask clear register sip
  48:src/../h/riscv.hpp ****     static void mc_sip(uint64 mask);
  49:src/../h/riscv.hpp **** 
  50:src/../h/riscv.hpp ****     // read register sip
  51:src/../h/riscv.hpp ****     static uint64 r_sip();
  52:src/../h/riscv.hpp **** 
  53:src/../h/riscv.hpp ****     // write register sip
  54:src/../h/riscv.hpp ****     static void w_sip(uint64 sip);
  55:src/../h/riscv.hpp **** 
  56:src/../h/riscv.hpp ****     enum BitMaskSstatus
  57:src/../h/riscv.hpp ****     {
  58:src/../h/riscv.hpp ****         SSTATUS_SIE = (1 << 1),
  59:src/../h/riscv.hpp ****         SSTATUS_SPIE = (1 << 5),
  60:src/../h/riscv.hpp ****         SSTATUS_SPP = (1 << 8),
  61:src/../h/riscv.hpp ****     };
  62:src/../h/riscv.hpp **** 
  63:src/../h/riscv.hpp ****     // mask set register sstatus
  64:src/../h/riscv.hpp ****     static void ms_sstatus(uint64 mask);
  65:src/../h/riscv.hpp **** 
  66:src/../h/riscv.hpp ****     // mask clear register sstatus
  67:src/../h/riscv.hpp ****     static void mc_sstatus(uint64 mask);
  68:src/../h/riscv.hpp **** 
  69:src/../h/riscv.hpp ****     // read register sstatus
GAS LISTING /tmp/ccoNPzC8.s 			page 7


  70:src/../h/riscv.hpp ****     static uint64 r_sstatus();
  71:src/../h/riscv.hpp **** 
  72:src/../h/riscv.hpp ****     // write register sstatus
  73:src/../h/riscv.hpp ****     static void w_sstatus(uint64 sstatus);
  74:src/../h/riscv.hpp **** 
  75:src/../h/riscv.hpp ****     static void popSppSpie(); //popuj bitove spp i spie iz sstatus
  76:src/../h/riscv.hpp ****     	//spp je supervisor previous privilege; spie supervisor previous intp enable
  77:src/../h/riscv.hpp ****     //mora biti non inline!!!
  78:src/../h/riscv.hpp **** 
  79:src/../h/riscv.hpp ****     static void intpRoutine();
  80:src/../h/riscv.hpp **** 
  81:src/../h/riscv.hpp ****     static size_t roundToBlks(size_t size);
  82:src/../h/riscv.hpp **** 
  83:src/../h/riscv.hpp ****     static uint64 syscall(uint64 code, uint64 arg1=0UL, uint64 arg2=0UL, uint64 arg3=0UL, uint64 ar
  84:src/../h/riscv.hpp **** 
  85:src/../h/riscv.hpp ****     static void pushRegs();
  86:src/../h/riscv.hpp ****     static void popRegs();
  87:src/../h/riscv.hpp **** private:
  88:src/../h/riscv.hpp **** 	static uint64 intpHandle(uint64 code, uint64 arg1, uint64 arg2, uint64 arg3, uint64 arg4);
  89:src/../h/riscv.hpp **** };
  90:src/../h/riscv.hpp **** 
  91:src/../h/riscv.hpp **** 
  92:src/../h/riscv.hpp **** inline size_t Riscv::roundToBlks(size_t size) //od 64B koristi se 48B
  93:src/../h/riscv.hpp **** {
  94:src/../h/riscv.hpp ****     size += sizeof(Kernel::MemoryAllocator::BlkHeader);
 166              		.loc 3 94 5
  95:src/../h/riscv.hpp ****     return size/MEM_BLOCK_SIZE + (size%MEM_BLOCK_SIZE ? 1 : 0);
 167              		.loc 3 95 5
 168              	.LBB36:
 169              	.LBB37:
 170              	.LBB38:
 171              	.LBB39:
  24:src/../h/list.hpp ****             }
 172              		.loc 2 24 53 is_stmt 0
 173 00c0 13051000 		li	a0,1
 174              	.LVL12:
 175 00c4 97000000 		call	_ZN6Kernel15MemoryAllocator12__mem__allocEm@plt
 175      E7800000 
 176              	.LVL13:
 177              	.LBE39:
 178              	.LBE38:
 179              	.LBB40:
 180              	.LBB41:
  21:src/../h/list.hpp **** 
 181              		.loc 2 21 62
 182 00cc 23309500 		sd	s1,0(a0)
 183 00d0 23340500 		sd	zero,8(a0)
 184              	.LVL14:
 185              	.LBE41:
 186              	.LBE40:
  61:src/../h/list.hpp ****                 tail->next = elem;
 187              		.loc 2 61 17
 188 00d4 97070000 		ld	a5,.LANCHOR0+8
 188      83B70700 
  61:src/../h/list.hpp ****                 tail->next = elem;
 189              		.loc 2 61 13
 190 00dc 63820702 		beqz	a5,.L12
GAS LISTING /tmp/ccoNPzC8.s 			page 8


  62:src/../h/list.hpp ****                 tail = elem;
 191              		.loc 2 62 17
 192 00e0 23B4A700 		sd	a0,8(a5)
  63:src/../h/list.hpp ****             } else {
 193              		.loc 2 63 17
 194 00e4 97070000 		sd	a0,.LANCHOR0+8,a5
 194      23B0A700 
 195              	.LVL15:
 196              	.L11:
 197              	.LBE37:
 198              	.LBE36:
  19:src/scheduler.cpp ****     }
 199              		.loc 1 19 5
 200 00ec 83308101 		ld	ra,24(sp)
 201              		.cfi_remember_state
 202              		.cfi_restore 1
 203 00f0 03340101 		ld	s0,16(sp)
 204              		.cfi_restore 8
 205              		.cfi_def_cfa 2, 32
 206 00f4 83348100 		ld	s1,8(sp)
 207              		.cfi_restore 9
 208              	.LVL16:
 209 00f8 13010102 		addi	sp,sp,32
 210              		.cfi_def_cfa_offset 0
 211 00fc 67800000 		jr	ra
 212              	.LVL17:
 213              	.L12:
 214              		.cfi_restore_state
 215              	.LBB43:
 216              	.LBB42:
  65:src/../h/list.hpp ****             }
 217              		.loc 2 65 17
 218 0100 97070000 		lla	a5,.LANCHOR0
 218      93870700 
 219 0108 23B4A700 		sd	a0,8(a5)
 220 010c 23B0A700 		sd	a0,0(a5)
 221              	.LVL18:
 222              	.LBE42:
 223              	.LBE43:
  19:src/scheduler.cpp ****     }
 224              		.loc 1 19 5
 225 0110 6FF0DFFD 		j	.L11
 226              		.cfi_endproc
 227              	.LFE36:
 229              		.align	2
 231              	_GLOBAL__sub_I__ZN6Kernel9Scheduler6readyQE:
 232              	.LFB48:
 233              		.loc 1 23 1 is_stmt 1
 234              		.cfi_startproc
 235 0114 130101FF 		addi	sp,sp,-16
 236              		.cfi_def_cfa_offset 16
 237 0118 23341100 		sd	ra,8(sp)
 238 011c 23308100 		sd	s0,0(sp)
 239              		.cfi_offset 1, -8
 240              		.cfi_offset 8, -16
 241 0120 13040101 		addi	s0,sp,16
 242              		.cfi_def_cfa 8, 0
GAS LISTING /tmp/ccoNPzC8.s 			page 9


 243              		.loc 1 23 1 is_stmt 0
 244 0124 B7050100 		li	a1,65536
 245 0128 9385F5FF 		addi	a1,a1,-1
 246 012c 13051000 		li	a0,1
 247 0130 97000000 		call	_Z41__static_initialization_and_destruction_0ii
 247      E7800000 
 248              	.LVL19:
 249 0138 83308100 		ld	ra,8(sp)
 250              		.cfi_restore 1
 251 013c 03340100 		ld	s0,0(sp)
 252              		.cfi_restore 8
 253              		.cfi_def_cfa 2, 16
 254 0140 13010101 		addi	sp,sp,16
 255              		.cfi_def_cfa_offset 0
 256 0144 67800000 		jr	ra
 257              		.cfi_endproc
 258              	.LFE48:
 260              		.section	.init_array,"aw"
 261              		.align	3
 262 0000 00000000 		.dword	_GLOBAL__sub_I__ZN6Kernel9Scheduler6readyQE
 262      00000000 
 263              		.globl	_ZN6Kernel9Scheduler6readyQE
 264              		.bss
 265              		.align	3
 266              		.set	.LANCHOR0,. + 0
 269              	_ZN6Kernel9Scheduler6readyQE:
 270 0000 00000000 		.zero	16
 270      00000000 
 270      00000000 
 270      00000000 
 271              		.text
 272              	.Letext0:
 273              		.file 4 "src/../h/../lib/hw.h"
 274              		.file 5 "src/../h/memoryallocator.hpp"
 275              		.file 6 "src/../h/tcb.hpp"
 276              		.file 7 "src/../h/scheduler.hpp"
 3294              		.align	3
 3297              	DW.ref.__gxx_personality_v0:
 3298 0000 00000000 		.dword	__gxx_personality_v0
 3298      00000000 
 3299              		.ident	"GCC: (Ubuntu 9.4.0-1ubuntu1~20.04) 9.4.0"
 3300              		.section	.note.GNU-stack,"",@progbits
GAS LISTING /tmp/ccoNPzC8.s 			page 10


DEFINED SYMBOLS
                            *ABS*:0000000000000000 scheduler.cpp
     /tmp/ccoNPzC8.s:8      .text:0000000000000000 _Z41__static_initialization_and_destruction_0ii
     /tmp/ccoNPzC8.s:12     .text:0000000000000000 .L0 
     /tmp/ccoNPzC8.s:14     .text:0000000000000000 .L0 
     /tmp/ccoNPzC8.s:15     .text:0000000000000004 .L0 
     /tmp/ccoNPzC8.s:17     .text:0000000000000008 .L0 
     /tmp/ccoNPzC8.s:19     .text:000000000000000c .L0 
     /tmp/ccoNPzC8.s:21     .text:000000000000000c .L0 
     /tmp/ccoNPzC8.s:25     .text:0000000000000018 .L0 
     /tmp/ccoNPzC8.s:26     .text:0000000000000018 .L0 
     /tmp/ccoNPzC8.s:27     .text:0000000000000018 .L0 
     /tmp/ccoNPzC8.s:29     .text:000000000000001c .L0 
     /tmp/ccoNPzC8.s:32     .text:0000000000000020 .L0 
     /tmp/ccoNPzC8.s:34     .text:0000000000000020 .L0 
     /tmp/ccoNPzC8.s:43     .text:000000000000002c .L0 
     /tmp/ccoNPzC8.s:51     .text:000000000000003c .L0 
     /tmp/ccoNPzC8.s:52     .text:0000000000000040 .L0 
     /tmp/ccoNPzC8.s:58     .text:0000000000000040 _ZN6Kernel9Scheduler3getEv
     /tmp/ccoNPzC8.s:61     .text:0000000000000040 .L0 
     /tmp/ccoNPzC8.s:3297   .data.rel.local.DW.ref.__gxx_personality_v0:0000000000000000 DW.ref.__gxx_personality_v0
     /tmp/ccoNPzC8.s:64     .text:0000000000000040 .L0 
     /tmp/ccoNPzC8.s:65     .text:0000000000000044 .L0 
     /tmp/ccoNPzC8.s:69     .text:0000000000000050 .L0 
     /tmp/ccoNPzC8.s:70     .text:0000000000000050 .L0 
     /tmp/ccoNPzC8.s:71     .text:0000000000000050 .L0 
     /tmp/ccoNPzC8.s:73     .text:0000000000000054 .L0 
     /tmp/ccoNPzC8.s:78     .text:0000000000000054 .L0 
     /tmp/ccoNPzC8.s:79     .text:0000000000000054 .L0 
     /tmp/ccoNPzC8.s:81     .text:000000000000005c .L0 
     /tmp/ccoNPzC8.s:84     .text:0000000000000060 .L0 
     /tmp/ccoNPzC8.s:86     .text:0000000000000064 .L0 
     /tmp/ccoNPzC8.s:88     .text:000000000000006c .L0 
     /tmp/ccoNPzC8.s:91     .text:0000000000000070 .L0 
     /tmp/ccoNPzC8.s:96     .text:0000000000000074 .L0 
     /tmp/ccoNPzC8.s:104    .text:000000000000007c .L0 
     /tmp/ccoNPzC8.s:106    .text:0000000000000084 .L0 
     /tmp/ccoNPzC8.s:107    .text:0000000000000084 .L0 
     /tmp/ccoNPzC8.s:109    .text:0000000000000088 .L0 
     /tmp/ccoNPzC8.s:110    .text:0000000000000088 .L0 
     /tmp/ccoNPzC8.s:112    .text:000000000000008c .L0 
     /tmp/ccoNPzC8.s:114    .text:0000000000000090 .L0 
     /tmp/ccoNPzC8.s:118    .text:0000000000000094 .L0 
     /tmp/ccoNPzC8.s:122    .text:0000000000000094 .L0 
     /tmp/ccoNPzC8.s:127    .text:00000000000000a0 .L0 
     /tmp/ccoNPzC8.s:132    .text:00000000000000a4 .L0 
     /tmp/ccoNPzC8.s:133    .text:00000000000000a8 .L0 
     /tmp/ccoNPzC8.s:147    .text:00000000000000a8 _ZN6Kernel9Scheduler3putEPNS_3TCBE
     /tmp/ccoNPzC8.s:150    .text:00000000000000a8 .L0 
     /tmp/ccoNPzC8.s:152    .text:00000000000000a8 .L0 
     /tmp/ccoNPzC8.s:153    .text:00000000000000ac .L0 
     /tmp/ccoNPzC8.s:157    .text:00000000000000b8 .L0 
     /tmp/ccoNPzC8.s:158    .text:00000000000000b8 .L0 
     /tmp/ccoNPzC8.s:159    .text:00000000000000b8 .L0 
     /tmp/ccoNPzC8.s:161    .text:00000000000000bc .L0 
     /tmp/ccoNPzC8.s:166    .text:00000000000000c0 .L0 
     /tmp/ccoNPzC8.s:167    .text:00000000000000c0 .L0 
GAS LISTING /tmp/ccoNPzC8.s 			page 11


     /tmp/ccoNPzC8.s:172    .text:00000000000000c0 .L0 
     /tmp/ccoNPzC8.s:173    .text:00000000000000c0 .L0 
     /tmp/ccoNPzC8.s:182    .text:00000000000000cc .L0 
     /tmp/ccoNPzC8.s:188    .text:00000000000000d4 .L0 
     /tmp/ccoNPzC8.s:190    .text:00000000000000dc .L0 
     /tmp/ccoNPzC8.s:192    .text:00000000000000e0 .L0 
     /tmp/ccoNPzC8.s:194    .text:00000000000000e4 .L0 
     /tmp/ccoNPzC8.s:200    .text:00000000000000ec .L0 
     /tmp/ccoNPzC8.s:201    .text:00000000000000f0 .L0 
     /tmp/ccoNPzC8.s:202    .text:00000000000000f0 .L0 
     /tmp/ccoNPzC8.s:204    .text:00000000000000f4 .L0 
     /tmp/ccoNPzC8.s:205    .text:00000000000000f4 .L0 
     /tmp/ccoNPzC8.s:207    .text:00000000000000f8 .L0 
     /tmp/ccoNPzC8.s:210    .text:00000000000000fc .L0 
     /tmp/ccoNPzC8.s:214    .text:0000000000000100 .L0 
     /tmp/ccoNPzC8.s:218    .text:0000000000000100 .L0 
     /tmp/ccoNPzC8.s:225    .text:0000000000000110 .L0 
     /tmp/ccoNPzC8.s:226    .text:0000000000000114 .L0 
     /tmp/ccoNPzC8.s:231    .text:0000000000000114 _GLOBAL__sub_I__ZN6Kernel9Scheduler6readyQE
     /tmp/ccoNPzC8.s:234    .text:0000000000000114 .L0 
     /tmp/ccoNPzC8.s:235    .text:0000000000000114 .L0 
     /tmp/ccoNPzC8.s:236    .text:0000000000000118 .L0 
     /tmp/ccoNPzC8.s:239    .text:0000000000000120 .L0 
     /tmp/ccoNPzC8.s:240    .text:0000000000000120 .L0 
     /tmp/ccoNPzC8.s:242    .text:0000000000000124 .L0 
     /tmp/ccoNPzC8.s:244    .text:0000000000000124 .L0 
     /tmp/ccoNPzC8.s:250    .text:000000000000013c .L0 
     /tmp/ccoNPzC8.s:252    .text:0000000000000140 .L0 
     /tmp/ccoNPzC8.s:253    .text:0000000000000140 .L0 
     /tmp/ccoNPzC8.s:255    .text:0000000000000144 .L0 
     /tmp/ccoNPzC8.s:257    .text:0000000000000148 .L0 
     /tmp/ccoNPzC8.s:269    .bss:0000000000000000 _ZN6Kernel9Scheduler6readyQE
     /tmp/ccoNPzC8.s:266    .bss:0000000000000000 .LANCHOR0
     /tmp/ccoNPzC8.s:277    .text:0000000000000148 .L0 
     /tmp/ccoNPzC8.s:43     .text:000000000000002c .L0 
     /tmp/ccoNPzC8.s:79     .text:0000000000000054 .L0 
     /tmp/ccoNPzC8.s:86     .text:0000000000000064 .L0 
     /tmp/ccoNPzC8.s:122    .text:0000000000000094 .L0 
     /tmp/ccoNPzC8.s:188    .text:00000000000000d4 .L0 
     /tmp/ccoNPzC8.s:194    .text:00000000000000e4 .L0 
     /tmp/ccoNPzC8.s:218    .text:0000000000000100 .L0 
     /tmp/ccoNPzC8.s:31     .text:0000000000000020 .L4
     /tmp/ccoNPzC8.s:23     .text:0000000000000014 .L1
     /tmp/ccoNPzC8.s:125    .text:00000000000000a0 .L8
     /tmp/ccoNPzC8.s:117    .text:0000000000000094 .L10
     /tmp/ccoNPzC8.s:89     .text:0000000000000070 .L7
     /tmp/ccoNPzC8.s:98     .text:000000000000007c .L5
     /tmp/ccoNPzC8.s:213    .text:0000000000000100 .L12
     /tmp/ccoNPzC8.s:196    .text:00000000000000ec .L11
     /tmp/ccoNPzC8.s:1692   .debug_abbrev:0000000000000000 .Ldebug_abbrev0
     /tmp/ccoNPzC8.s:3241   .debug_str:00000000000009a3 .LASF154
     /tmp/ccoNPzC8.s:3149   .debug_str:00000000000006d4 .LASF155
     /tmp/ccoNPzC8.s:2977   .debug_str:00000000000000f0 .LASF156
     /tmp/ccoNPzC8.s:5      .text:0000000000000000 .Ltext0
     /tmp/ccoNPzC8.s:272    .text:0000000000000148 .Letext0
     /tmp/ccoNPzC8.s:2951   .debug_line:0000000000000000 .Ldebug_line0
     /tmp/ccoNPzC8.s:3063   .debug_str:0000000000000414 .LASF0
GAS LISTING /tmp/ccoNPzC8.s 			page 12


     /tmp/ccoNPzC8.s:3085   .debug_str:00000000000004b6 .LASF1
     /tmp/ccoNPzC8.s:3171   .debug_str:0000000000000782 .LASF2
     /tmp/ccoNPzC8.s:3183   .debug_str:00000000000007ff .LASF4
     /tmp/ccoNPzC8.s:3071   .debug_str:0000000000000440 .LASF3
     /tmp/ccoNPzC8.s:2959   .debug_str:0000000000000033 .LASF5
     /tmp/ccoNPzC8.s:3139   .debug_str:0000000000000683 .LASF6
     /tmp/ccoNPzC8.s:3077   .debug_str:0000000000000486 .LASF7
     /tmp/ccoNPzC8.s:3033   .debug_str:00000000000002d2 .LASF8
     /tmp/ccoNPzC8.s:3045   .debug_str:0000000000000377 .LASF9
     /tmp/ccoNPzC8.s:2981   .debug_str:000000000000011c .LASF10
     /tmp/ccoNPzC8.s:3025   .debug_str:00000000000002a0 .LASF11
     /tmp/ccoNPzC8.s:2991   .debug_str:0000000000000163 .LASF12
     /tmp/ccoNPzC8.s:2979   .debug_str:000000000000010c .LASF13
     /tmp/ccoNPzC8.s:3219   .debug_str:00000000000008f2 .LASF14
     /tmp/ccoNPzC8.s:3013   .debug_str:00000000000001f8 .LASF15
     /tmp/ccoNPzC8.s:3205   .debug_str:0000000000000897 .LASF16
     /tmp/ccoNPzC8.s:3221   .debug_str:00000000000008fe .LASF157
     /tmp/ccoNPzC8.s:3133   .debug_str:0000000000000659 .LASF23
     /tmp/ccoNPzC8.s:2997   .debug_str:0000000000000183 .LASF158
     /tmp/ccoNPzC8.s:3083   .debug_str:00000000000004b1 .LASF17
     /tmp/ccoNPzC8.s:2983   .debug_str:000000000000012b .LASF18
     /tmp/ccoNPzC8.s:2969   .debug_str:000000000000009f .LASF30
     /tmp/ccoNPzC8.s:2973   .debug_str:00000000000000b0 .LASF32
     /tmp/ccoNPzC8.s:3197   .debug_str:000000000000084f .LASF19
     /tmp/ccoNPzC8.s:3283   .debug_str:0000000000000bfa .LASF21
     /tmp/ccoNPzC8.s:2985   .debug_str:0000000000000130 .LASF20
     /tmp/ccoNPzC8.s:3073   .debug_str:0000000000000452 .LASF22
     /tmp/ccoNPzC8.s:3141   .debug_str:0000000000000696 .LASF63
     /tmp/ccoNPzC8.s:3225   .debug_str:000000000000090e .LASF70
     /tmp/ccoNPzC8.s:3201   .debug_str:0000000000000867 .LASF159
     /tmp/ccoNPzC8.s:3131   .debug_str:0000000000000654 .LASF160
     /tmp/ccoNPzC8.s:3185   .debug_str:0000000000000806 .LASF24
     /tmp/ccoNPzC8.s:3005   .debug_str:00000000000001b0 .LASF25
     /tmp/ccoNPzC8.s:3227   .debug_str:0000000000000916 .LASF36
     /tmp/ccoNPzC8.s:3123   .debug_str:00000000000005ed .LASF38
     /tmp/ccoNPzC8.s:2971   .debug_str:00000000000000a4 .LASF26
     /tmp/ccoNPzC8.s:3179   .debug_str:00000000000007c4 .LASF27
     /tmp/ccoNPzC8.s:3137   .debug_str:0000000000000675 .LASF67
     /tmp/ccoNPzC8.s:3253   .debug_str:0000000000000ad1 .LASF99
     /tmp/ccoNPzC8.s:3239   .debug_str:000000000000099b .LASF28
     /tmp/ccoNPzC8.s:3041   .debug_str:0000000000000346 .LASF29
     /tmp/ccoNPzC8.s:3087   .debug_str:00000000000004c9 .LASF50
     /tmp/ccoNPzC8.s:3195   .debug_str:0000000000000832 .LASF52
     /tmp/ccoNPzC8.s:3007   .debug_str:00000000000001c3 .LASF31
     /tmp/ccoNPzC8.s:3019   .debug_str:000000000000023e .LASF33
     /tmp/ccoNPzC8.s:3217   .debug_str:00000000000008e5 .LASF34
     /tmp/ccoNPzC8.s:3039   .debug_str:000000000000031d .LASF35
     /tmp/ccoNPzC8.s:3173   .debug_str:0000000000000790 .LASF37
     /tmp/ccoNPzC8.s:3153   .debug_str:00000000000006ed .LASF39
     /tmp/ccoNPzC8.s:3229   .debug_str:0000000000000921 .LASF40
     /tmp/ccoNPzC8.s:2975   .debug_str:00000000000000d3 .LASF41
     /tmp/ccoNPzC8.s:3001   .debug_str:0000000000000197 .LASF42
     /tmp/ccoNPzC8.s:3061   .debug_str:00000000000003fc .LASF43
     /tmp/ccoNPzC8.s:3057   .debug_str:00000000000003dc .LASF44
     /tmp/ccoNPzC8.s:3287   .debug_str:0000000000000c49 .LASF45
     /tmp/ccoNPzC8.s:3281   .debug_str:0000000000000bed .LASF46
     /tmp/ccoNPzC8.s:3099   .debug_str:0000000000000516 .LASF47
GAS LISTING /tmp/ccoNPzC8.s 			page 13


     /tmp/ccoNPzC8.s:3105   .debug_str:0000000000000542 .LASF48
     /tmp/ccoNPzC8.s:3089   .debug_str:00000000000004cf .LASF49
     /tmp/ccoNPzC8.s:2957   .debug_str:0000000000000023 .LASF51
     /tmp/ccoNPzC8.s:2989   .debug_str:000000000000014f .LASF53
     /tmp/ccoNPzC8.s:3203   .debug_str:0000000000000884 .LASF54
     /tmp/ccoNPzC8.s:3269   .debug_str:0000000000000b7e .LASF55
     /tmp/ccoNPzC8.s:2955   .debug_str:000000000000001e .LASF56
     /tmp/ccoNPzC8.s:3275   .debug_str:0000000000000bc4 .LASF57
     /tmp/ccoNPzC8.s:3245   .debug_str:0000000000000a7b .LASF58
     /tmp/ccoNPzC8.s:3223   .debug_str:0000000000000905 .LASF59
     /tmp/ccoNPzC8.s:3047   .debug_str:0000000000000385 .LASF60
     /tmp/ccoNPzC8.s:3075   .debug_str:000000000000047e .LASF61
     /tmp/ccoNPzC8.s:3125   .debug_str:000000000000060b .LASF62
     /tmp/ccoNPzC8.s:2993   .debug_str:0000000000000173 .LASF161
     /tmp/ccoNPzC8.s:3181   .debug_str:00000000000007e2 .LASF162
     /tmp/ccoNPzC8.s:3049   .debug_str:000000000000038c .LASF68
     /tmp/ccoNPzC8.s:3249   .debug_str:0000000000000a98 .LASF75
     /tmp/ccoNPzC8.s:3147   .debug_str:00000000000006c9 .LASF64
     /tmp/ccoNPzC8.s:3031   .debug_str:00000000000002c8 .LASF65
     /tmp/ccoNPzC8.s:3193   .debug_str:000000000000082b .LASF66
     /tmp/ccoNPzC8.s:2963   .debug_str:0000000000000045 .LASF163
     /tmp/ccoNPzC8.s:3285   .debug_str:0000000000000c26 .LASF164
     /tmp/ccoNPzC8.s:3235   .debug_str:0000000000000966 .LASF69
     /tmp/ccoNPzC8.s:2995   .debug_str:000000000000017e .LASF71
     /tmp/ccoNPzC8.s:3081   .debug_str:00000000000004ac .LASF72
     /tmp/ccoNPzC8.s:3119   .debug_str:00000000000005bc .LASF73
     /tmp/ccoNPzC8.s:3237   .debug_str:0000000000000978 .LASF74
     /tmp/ccoNPzC8.s:3011   .debug_str:00000000000001d4 .LASF76
     /tmp/ccoNPzC8.s:3023   .debug_str:000000000000027d .LASF77
     /tmp/ccoNPzC8.s:3155   .debug_str:0000000000000709 .LASF165
     /tmp/ccoNPzC8.s:3211   .debug_str:00000000000008cd .LASF78
     /tmp/ccoNPzC8.s:3117   .debug_str:00000000000005b7 .LASF79
     /tmp/ccoNPzC8.s:3111   .debug_str:0000000000000580 .LASF80
     /tmp/ccoNPzC8.s:3175   .debug_str:000000000000079a .LASF81
     /tmp/ccoNPzC8.s:3143   .debug_str:000000000000069f .LASF82
     /tmp/ccoNPzC8.s:2999   .debug_str:000000000000018d .LASF166
     /tmp/ccoNPzC8.s:3037   .debug_str:00000000000002fb .LASF167
     /tmp/ccoNPzC8.s:3009   .debug_str:00000000000001cc .LASF83
     /tmp/ccoNPzC8.s:3021   .debug_str:0000000000000258 .LASF84
     /tmp/ccoNPzC8.s:3165   .debug_str:0000000000000765 .LASF85
     /tmp/ccoNPzC8.s:3055   .debug_str:00000000000003b4 .LASF86
     /tmp/ccoNPzC8.s:3095   .debug_str:00000000000004f5 .LASF87
     /tmp/ccoNPzC8.s:3017   .debug_str:0000000000000217 .LASF88
     /tmp/ccoNPzC8.s:3135   .debug_str:0000000000000669 .LASF89
     /tmp/ccoNPzC8.s:3265   .debug_str:0000000000000b4d .LASF90
     /tmp/ccoNPzC8.s:3289   .debug_str:0000000000000c62 .LASF91
     /tmp/ccoNPzC8.s:3043   .debug_str:0000000000000351 .LASF92
     /tmp/ccoNPzC8.s:3199   .debug_str:000000000000085c .LASF93
     /tmp/ccoNPzC8.s:3231   .debug_str:000000000000092c .LASF94
     /tmp/ccoNPzC8.s:3161   .debug_str:0000000000000754 .LASF95
     /tmp/ccoNPzC8.s:3263   .debug_str:0000000000000b28 .LASF96
     /tmp/ccoNPzC8.s:3259   .debug_str:0000000000000b18 .LASF97
     /tmp/ccoNPzC8.s:3251   .debug_str:0000000000000ac8 .LASF98
     /tmp/ccoNPzC8.s:3247   .debug_str:0000000000000a83 .LASF100
     /tmp/ccoNPzC8.s:3167   .debug_str:000000000000076e .LASF101
     /tmp/ccoNPzC8.s:3127   .debug_str:0000000000000613 .LASF102
     /tmp/ccoNPzC8.s:3151   .debug_str:00000000000006e6 .LASF103
GAS LISTING /tmp/ccoNPzC8.s 			page 14


     /tmp/ccoNPzC8.s:3157   .debug_str:000000000000072d .LASF104
     /tmp/ccoNPzC8.s:3121   .debug_str:00000000000005e6 .LASF105
     /tmp/ccoNPzC8.s:3079   .debug_str:0000000000000499 .LASF106
     /tmp/ccoNPzC8.s:3267   .debug_str:0000000000000b76 .LASF107
     /tmp/ccoNPzC8.s:3243   .debug_str:0000000000000a67 .LASF108
     /tmp/ccoNPzC8.s:3115   .debug_str:00000000000005af .LASF109
     /tmp/ccoNPzC8.s:3027   .debug_str:00000000000002af .LASF110
     /tmp/ccoNPzC8.s:3093   .debug_str:00000000000004ed .LASF111
     /tmp/ccoNPzC8.s:3159   .debug_str:0000000000000740 .LASF112
     /tmp/ccoNPzC8.s:3209   .debug_str:00000000000008c5 .LASF113
     /tmp/ccoNPzC8.s:3069   .debug_str:000000000000042c .LASF114
     /tmp/ccoNPzC8.s:3215   .debug_str:00000000000008de .LASF115
     /tmp/ccoNPzC8.s:3189   .debug_str:0000000000000811 .LASF116
     /tmp/ccoNPzC8.s:3191   .debug_str:0000000000000824 .LASF117
     /tmp/ccoNPzC8.s:2987   .debug_str:000000000000013c .LASF118
     /tmp/ccoNPzC8.s:3187   .debug_str:000000000000080b .LASF119
     /tmp/ccoNPzC8.s:3233   .debug_str:0000000000000954 .LASF120
     /tmp/ccoNPzC8.s:3067   .debug_str:0000000000000426 .LASF121
     /tmp/ccoNPzC8.s:3003   .debug_str:000000000000019e .LASF122
     /tmp/ccoNPzC8.s:2961   .debug_str:000000000000003a .LASF123
     /tmp/ccoNPzC8.s:3207   .debug_str:00000000000008ad .LASF124
     /tmp/ccoNPzC8.s:3169   .debug_str:0000000000000777 .LASF125
     /tmp/ccoNPzC8.s:3279   .debug_str:0000000000000bd5 .LASF126
     /tmp/ccoNPzC8.s:3261   .debug_str:0000000000000b1e .LASF127
     /tmp/ccoNPzC8.s:3273   .debug_str:0000000000000bae .LASF128
     /tmp/ccoNPzC8.s:3255   .debug_str:0000000000000af1 .LASF129
     /tmp/ccoNPzC8.s:3107   .debug_str:0000000000000552 .LASF130
     /tmp/ccoNPzC8.s:3053   .debug_str:00000000000003a9 .LASF131
     /tmp/ccoNPzC8.s:3059   .debug_str:00000000000003e4 .LASF132
     /tmp/ccoNPzC8.s:3177   .debug_str:00000000000007b8 .LASF133
     /tmp/ccoNPzC8.s:3097   .debug_str:00000000000004fd .LASF134
     /tmp/ccoNPzC8.s:3213   .debug_str:00000000000008d2 .LASF135
     /tmp/ccoNPzC8.s:3035   .debug_str:00000000000002e2 .LASF136
     /tmp/ccoNPzC8.s:3163   .debug_str:000000000000075d .LASF137
     /tmp/ccoNPzC8.s:3109   .debug_str:0000000000000568 .LASF138
     /tmp/ccoNPzC8.s:3015   .debug_str:000000000000020e .LASF139
     /tmp/ccoNPzC8.s:2967   .debug_str:000000000000008a .LASF140
     /tmp/ccoNPzC8.s:3145   .debug_str:00000000000006c1 .LASF141
     /tmp/ccoNPzC8.s:3103   .debug_str:000000000000052e .LASF142
     /tmp/ccoNPzC8.s:3091   .debug_str:00000000000004e2 .LASF143
     /tmp/ccoNPzC8.s:3271   .debug_str:0000000000000b92 .LASF144
     /tmp/ccoNPzC8.s:3101   .debug_str:0000000000000529 .LASF145
     /tmp/ccoNPzC8.s:3257   .debug_str:0000000000000afb .LASF168
     /tmp/ccoNPzC8.s:3129   .debug_str:0000000000000628 .LASF146
     /tmp/ccoNPzC8.s:232    .text:0000000000000114 .LFB48
     /tmp/ccoNPzC8.s:258    .text:0000000000000148 .LFE48
     /tmp/ccoNPzC8.s:248    .text:0000000000000138 .LVL19
     /tmp/ccoNPzC8.s:2965   .debug_str:0000000000000060 .LASF147
     /tmp/ccoNPzC8.s:9      .text:0000000000000000 .LFB47
     /tmp/ccoNPzC8.s:53     .text:0000000000000040 .LFE47
     /tmp/ccoNPzC8.s:3051   .debug_str:000000000000039a .LASF148
     /tmp/ccoNPzC8.s:3277   .debug_str:0000000000000bca .LASF149
     /tmp/ccoNPzC8.s:38     .text:000000000000002c .LBB27
     /tmp/ccoNPzC8.s:49     .text:000000000000003c .LBE27
     /tmp/ccoNPzC8.s:2793   .debug_loc:0000000000000000 .LLST0
     /tmp/ccoNPzC8.s:3029   .debug_str:00000000000002c3 .LASF150
     /tmp/ccoNPzC8.s:3113   .debug_str:0000000000000585 .LASF152
GAS LISTING /tmp/ccoNPzC8.s 			page 15


     /tmp/ccoNPzC8.s:3065   .debug_str:0000000000000421 .LASF151
     /tmp/ccoNPzC8.s:2953   .debug_str:0000000000000000 .LASF153
     /tmp/ccoNPzC8.s:148    .text:00000000000000a8 .LFB36
     /tmp/ccoNPzC8.s:227    .text:0000000000000114 .LFE36
     /tmp/ccoNPzC8.s:2802   .debug_loc:000000000000002c .LLST5
     /tmp/ccoNPzC8.s:168    .text:00000000000000c0 .LBB36
     /tmp/ccoNPzC8.s:2937   .debug_ranges:0000000000000000 .Ldebug_ranges0
     /tmp/ccoNPzC8.s:2824   .debug_loc:000000000000008b .LLST6
     /tmp/ccoNPzC8.s:2839   .debug_loc:00000000000000d4 .LLST7
     /tmp/ccoNPzC8.s:170    .text:00000000000000c0 .LBB38
     /tmp/ccoNPzC8.s:178    .text:00000000000000cc .LBE38
     /tmp/ccoNPzC8.s:2854   .debug_loc:000000000000011c .LLST8
     /tmp/ccoNPzC8.s:176    .text:00000000000000cc .LVL13
     /tmp/ccoNPzC8.s:179    .text:00000000000000cc .LBB40
     /tmp/ccoNPzC8.s:186    .text:00000000000000d4 .LBE40
     /tmp/ccoNPzC8.s:2862   .debug_loc:0000000000000140 .LLST9
     /tmp/ccoNPzC8.s:2870   .debug_loc:0000000000000164 .LLST10
     /tmp/ccoNPzC8.s:2877   .debug_loc:0000000000000187 .LLST11
     /tmp/ccoNPzC8.s:59     .text:0000000000000040 .LFB35
     /tmp/ccoNPzC8.s:134    .text:00000000000000a8 .LFE35
     /tmp/ccoNPzC8.s:76     .text:0000000000000054 .LBB30
     /tmp/ccoNPzC8.s:2884   .debug_loc:00000000000001aa .LLST1
     /tmp/ccoNPzC8.s:2899   .debug_loc:00000000000001f2 .LLST2
     /tmp/ccoNPzC8.s:2910   .debug_loc:0000000000000228 .LLST3
     /tmp/ccoNPzC8.s:93     .text:0000000000000074 .LBB32
     /tmp/ccoNPzC8.s:100    .text:000000000000007c .LBE32
     /tmp/ccoNPzC8.s:2917   .debug_loc:000000000000024b .LLST4
     /tmp/ccoNPzC8.s:97     .text:000000000000007c .LVL6
     /tmp/ccoNPzC8.s:37     .text:000000000000002c .LVL1
     /tmp/ccoNPzC8.s:46     .text:000000000000003c .LVL2
     /tmp/ccoNPzC8.s:151    .text:00000000000000a8 .LVL10
     /tmp/ccoNPzC8.s:174    .text:00000000000000c4 .LVL12
     /tmp/ccoNPzC8.s:208    .text:00000000000000f8 .LVL16
     /tmp/ccoNPzC8.s:212    .text:0000000000000100 .LVL17
     /tmp/ccoNPzC8.s:164    .text:00000000000000c0 .LVL11
     /tmp/ccoNPzC8.s:195    .text:00000000000000ec .LVL15
     /tmp/ccoNPzC8.s:221    .text:0000000000000110 .LVL18
     /tmp/ccoNPzC8.s:184    .text:00000000000000d4 .LVL14
     /tmp/ccoNPzC8.s:75     .text:0000000000000054 .LVL3
     /tmp/ccoNPzC8.s:116    .text:0000000000000094 .LVL7
     /tmp/ccoNPzC8.s:128    .text:00000000000000a4 .LVL9
     /tmp/ccoNPzC8.s:82     .text:0000000000000060 .LVL4
     /tmp/ccoNPzC8.s:124    .text:00000000000000a0 .LVL8
     /tmp/ccoNPzC8.s:92     .text:0000000000000074 .LVL5
     /tmp/ccoNPzC8.s:278    .debug_info:0000000000000000 .Ldebug_info0
     /tmp/ccoNPzC8.s:102    .text:000000000000007c .LBE30
     /tmp/ccoNPzC8.s:119    .text:0000000000000094 .LBB35
     /tmp/ccoNPzC8.s:130    .text:00000000000000a4 .LBE35
     /tmp/ccoNPzC8.s:198    .text:00000000000000ec .LBE36
     /tmp/ccoNPzC8.s:215    .text:0000000000000100 .LBB43
     /tmp/ccoNPzC8.s:223    .text:0000000000000110 .LBE43
     /tmp/ccoNPzC8.s:137    .gcc_except_table:0000000000000000 .LLSDA35

UNDEFINED SYMBOLS
_ZN6Kernel15MemoryAllocator11__mem__freeEPv
__gxx_personality_v0
_ZN6Kernel15MemoryAllocator12__mem__allocEm
GAS LISTING /tmp/ccoNPzC8.s 			page 16


